A51 MACRO ASSEMBLER  BLINKINGLEDS                                                         02/15/2021 14:27:01 PAGE     1


MACRO ASSEMBLER A51 V8.2.7.0
OBJECT MODULE PLACED IN .\Objects\blinkingLEDs.obj
ASSEMBLER INVOKED BY: E:\C51\BIN\A51.EXE blinkingLEDs.asm SET(SMALL) DEBUG PRINT(.\Listings\blinkingLEDs.lst) OBJECT(.\O
                      bjects\blinkingLEDs.obj) EP

LOC  OBJ            LINE     SOURCE

0000                   1     org 000H
0000 020100            2     ljmp blinkingLEDs
                       3     
0100                   4     org 100H
0100                   5     blinkingLEDs:
0100 758901            6             mov TMOD, #001H
0103 7590FF            7         mov P1, #0FFH            ; 0FFH = 11111111 F1.7-1.4 set, F1.3-1.0 for input
                       8     
                       9         ;setb P1.7
                      10         ;setb P1.6
                      11         ;setb P1.5
                      12         ;setb P1.4
                      13     
0106 3128             14         acall delay_1s
0108 3128             15         acall delay_1s
010A 3128             16         acall delay_1s
010C 3128             17         acall delay_1s
010E 3128             18         acall delay_1s
                      19     
0110 740F             20         mov A, #00FH            ; A = 00001111
0112 5590             21         anl A, P1               ; A = 0000<lower_nibble>
0114 F8               22             mov R0, A
                      23     
0115 60E9             24         jz blinkingLEDs                ; if A = 0, return
                      25     
0117                  26         iterate:
0117 311D             27             acall blink
0119 D8FC             28             djnz R0, iterate
                      29         
011B 80E3             30         sjmp blinkingLEDs
                      31     
                      32     
011D                  33     blink:
011D 759000           34         mov P1, #000H           ; reset P1.7-P1.4 and stop input from P1.3-P1.0
0120 3128             35         acall delay_1s
0122 7590F0           36         mov P1, #0F0H
0125 3128             37         acall delay_1s
0127 22               38         ret
                      39     
                      40     
0128                  41     delay_1s:
0128 7CC8             42             mov R4,#200
012A                  43                     loop:
012A 758CD8           44                     mov TH0, #0D8H                  
012D 758AFA           45                     mov TL0, #0FAH
0130 D28C             46                     setb TR0
0132 308DFD           47                             here: jnb TF0,here
0135 C28C             48                     clr TR0
0137 C28D             49                     clr TF0
0139 DCEF             50                     djnz R4,loop
013B 22               51             ret
                      52     
                      53     end
A51 MACRO ASSEMBLER  BLINKINGLEDS                                                         02/15/2021 14:27:01 PAGE     2

SYMBOL TABLE LISTING
------ ----- -------


N A M E             T Y P E  V A L U E   ATTRIBUTES

BLINK. . . . . . .  C ADDR   011DH   A   
BLINKINGLEDS . . .  C ADDR   0100H   A   
DELAY_1S . . . . .  C ADDR   0128H   A   
HERE . . . . . . .  C ADDR   0132H   A   
ITERATE. . . . . .  C ADDR   0117H   A   
LOOP . . . . . . .  C ADDR   012AH   A   
P1 . . . . . . . .  D ADDR   0090H   A   
TF0. . . . . . . .  B ADDR   0088H.5 A   
TH0. . . . . . . .  D ADDR   008CH   A   
TL0. . . . . . . .  D ADDR   008AH   A   
TMOD . . . . . . .  D ADDR   0089H   A   
TR0. . . . . . . .  B ADDR   0088H.4 A   


REGISTER BANK(S) USED: 0 


ASSEMBLY COMPLETE.  0 WARNING(S), 0 ERROR(S)
