C51 COMPILER V9.60.0.0   SERIAL                                                            07/29/2019 00:40:05 PAGE 1   


C51 COMPILER V9.60.0.0, COMPILATION OF MODULE SERIAL
OBJECT MODULE PLACED IN .\Objects\serial.obj
COMPILER INVOKED BY: C:\Keil_v5\C51\BIN\C51.EXE serial.c OPTIMIZE(8,SPEED) BROWSE DEBUG OBJECTEXTEND PRINT(.\Listings\se
                    -rial.lst) TABS(2) OBJECT(.\Objects\serial.obj)

line level    source

   1          #include <at89c5131.h>
   2          
   3          void delay_ms(unsigned int time)
   4          {
   5   1        int i,j;
   6   1        for(i=0;i<time;i++)
   7   1        {
   8   2          for(j=0;j<382;j++);
   9   2        }
  10   1      }
  11          void uart_init(void)
  12          {
  13   1        TMOD=0x20;
  14   1        T2CON=0x00;
  15   1        BDRCON=0x00;
  16   1        TH1=-52;
  17   1        SCON=0xD0;
  18   1        PCON|=0x00;
  19   1        TR1=1;
  20   1        IEN0=0x10;
  21   1      }
  22          void transmit_char(unsigned char ch)
  23          {
  24   1        if(TI==0)
  25   1        {SBUF=ch;}
  26   1        //while(TI!=1);
  27   1        //TI=0;
  28   1      }
  29          void transmit_string(unsigned char *s)
  30          {
  31   1        while(*s!='\0')
  32   1        {
  33   2          while(TI!=0);
  34   2            transmit_char(*s++);
  35   2        }
  36   1      }
  37          


MODULE INFORMATION:   STATIC OVERLAYABLE
   CODE SIZE        =    102    ----
   CONSTANT SIZE    =   ----    ----
   XDATA SIZE       =   ----    ----
   PDATA SIZE       =   ----    ----
   DATA SIZE        =   ----       3
   IDATA SIZE       =   ----    ----
   BIT SIZE         =   ----    ----
END OF MODULE INFORMATION.


C51 COMPILATION COMPLETE.  0 WARNING(S),  0 ERROR(S)
