C51 COMPILER V9.60.0.0   MAIN                                                              03/22/2021 13:54:30 PAGE 1   


C51 COMPILER V9.60.0.0, COMPILATION OF MODULE MAIN
OBJECT MODULE PLACED IN .\Objects\main.obj
COMPILER INVOKED BY: E:\C51\BIN\C51.EXE main.c OPTIMIZE(8,SPEED) BROWSE DEBUG OBJECTEXTEND PRINT(.\Listings\main.lst) OB
                    -JECT(.\Objects\main.obj)

line level    source

   1          #include <at89c5131.h>
   2          #include "lcd.h"                //Header file with LCD interfacing functions
   3          #include "serial.c"     //C file with UART interfacing functions
   4          
   5          sbit LED=P1^7;
   6          
   7          //Test function definitions
   8          
   9          /************************************************
  10             lcd_test():
  11                  LCD test function that gets called when
  12                  '1' is received from UART
  13                  Prints "LCD Ok" on LCD. After 4 seconds
  14                  LCD is cleared
  15          ************************************************/
  16          void lcd_test(void)
  17          {
  18   1               lcd_cmd(0x80);
  19   1               lcd_write_string("LCD Ok");
  20   1               msdelay(2000);
  21   1               lcd_cmd(0x01);
  22   1      }       
  23          
  24          /************************************************
  25             led_test():
  26                  LED test code. Update this function
  27                  to test LEDs on P1.7-P1.4 by blinking
  28                  them for a few times.
  29          ************************************************/
  30          void led_test(void)
  31          {
  32   1      // Write your testing code here.        
  33   1      
  34   1              P1=0xF0;
  35   1              msdelay(2000);
  36   1              P1=0x00;
  37   1      
  38   1      }
  39          
  40          
  41          //Main function
  42          void main(void)
  43          {
  44   1              unsigned char ch=0;
  45   1              
  46   1              //Initialize port P1 for output from P1.7-P1.4
  47   1              P1 = 0x0F;
  48   1              
  49   1              //Call initialization functions
  50   1              lcd_init();
  51   1              uart_init();
  52   1              
  53   1              //These strings will be printed in terminal software
  54   1              transmit_string("************************\r\n");
C51 COMPILER V9.60.0.0   MAIN                                                              03/22/2021 13:54:30 PAGE 2   

  55   1              transmit_string("******8051 Tests********\r\n");
  56   1              transmit_string("************************\r\n");
  57   1              transmit_string("Press 1 for LCD test\r\n");
  58   1              transmit_string("Press 2 for LED test\r\n");
  59   1              
  60   1              while(1)
  61   1              {
  62   2                              //Receive a character
  63   2                              ch = receive_char();
  64   2                      
  65   2                              //Decide which test function to run based on character sent
  66   2            //Displays the string on the terminal software
  67   2                              switch(ch)
  68   2                              {
  69   3                                      case '1':lcd_test();
  70   3                                                                       transmit_string("LCD tested\r\n");
  71   3                                                                       break;
  72   3                                      
  73   3                                      case '2':led_test();
  74   3                                                                       transmit_string("LED tested\r\n");
  75   3                                                                       break;
  76   3                                                              
  77   3                                      default:transmit_string("Incorrect test. Pass correct number\r\n");
  78   3                                                                       break;
  79   3                                      
  80   3                              }
  81   2                              msdelay(100);
  82   2              }
  83   1      }


MODULE INFORMATION:   STATIC OVERLAYABLE
   CODE SIZE        =    566    ----
   CONSTANT SIZE    =    171    ----
   XDATA SIZE       =   ----    ----
   PDATA SIZE       =   ----    ----
   DATA SIZE        =   ----      12
   IDATA SIZE       =   ----    ----
   BIT SIZE         =      2    ----
END OF MODULE INFORMATION.


C51 COMPILATION COMPLETE.  0 WARNING(S),  0 ERROR(S)
